0 info it worked if it ends with ok
1 verbose cli [ '/usr/local/bin/node',
1 verbose cli   '/usr/local/bin/npm',
1 verbose cli   'install',
1 verbose cli   'crkey',
1 verbose cli   '-g' ]
2 info using npm@2.15.9
3 info using node@v4.6.0
4 verbose install initial load of /usr/local/lib/package.json
5 verbose readDependencies loading dependencies from /usr/local/lib/package.json
6 silly cache add args [ 'crkey', null ]
7 verbose cache add spec crkey
8 silly cache add parsed spec Result {
8 silly cache add   raw: 'crkey',
8 silly cache add   scope: null,
8 silly cache add   name: 'crkey',
8 silly cache add   rawSpec: '',
8 silly cache add   spec: 'latest',
8 silly cache add   type: 'tag' }
9 silly addNamed crkey@latest
10 verbose addNamed "latest" is being treated as a dist-tag for crkey
11 info addNameTag [ 'crkey', 'latest' ]
12 silly mapToRegistry name crkey
13 silly mapToRegistry using default registry
14 silly mapToRegistry registry https://registry.npmjs.org/
15 silly mapToRegistry data Result {
15 silly mapToRegistry   raw: 'crkey',
15 silly mapToRegistry   scope: null,
15 silly mapToRegistry   name: 'crkey',
15 silly mapToRegistry   rawSpec: '',
15 silly mapToRegistry   spec: 'latest',
15 silly mapToRegistry   type: 'tag' }
16 silly mapToRegistry uri https://registry.npmjs.org/crkey
17 verbose addNameTag registry:https://registry.npmjs.org/crkey not in flight; fetching
18 verbose request uri https://registry.npmjs.org/crkey
19 verbose request no auth needed
20 info attempt registry request try #1 at 11:08:41 AM
21 verbose request id 7d22cd4975bb221a
22 http request GET https://registry.npmjs.org/crkey
23 http 200 https://registry.npmjs.org/crkey
24 verbose headers { server: 'CouchDB/1.5.0 (Erlang OTP/R16B03)',
24 verbose headers   etag: '"3ZYMMLWWIBC105W42JPIGICCV"',
24 verbose headers   'content-type': 'application/json',
24 verbose headers   'content-encoding': 'gzip',
24 verbose headers   'cache-control': 'max-age=300',
24 verbose headers   'content-length': '1370',
24 verbose headers   'accept-ranges': 'bytes',
24 verbose headers   date: 'Wed, 09 Nov 2016 18:08:41 GMT',
24 verbose headers   via: '1.1 varnish',
24 verbose headers   age: '0',
24 verbose headers   connection: 'keep-alive',
24 verbose headers   'x-served-by': 'cache-den6026-DEN',
24 verbose headers   'x-cache': 'MISS',
24 verbose headers   'x-cache-hits': '0',
24 verbose headers   'x-timer': 'S1478714921.871073,VS0,VE107',
24 verbose headers   vary: 'Accept-Encoding' }
25 silly get cb [ 200,
25 silly get   { server: 'CouchDB/1.5.0 (Erlang OTP/R16B03)',
25 silly get     etag: '"3ZYMMLWWIBC105W42JPIGICCV"',
25 silly get     'content-type': 'application/json',
25 silly get     'content-encoding': 'gzip',
25 silly get     'cache-control': 'max-age=300',
25 silly get     'content-length': '1370',
25 silly get     'accept-ranges': 'bytes',
25 silly get     date: 'Wed, 09 Nov 2016 18:08:41 GMT',
25 silly get     via: '1.1 varnish',
25 silly get     age: '0',
25 silly get     connection: 'keep-alive',
25 silly get     'x-served-by': 'cache-den6026-DEN',
25 silly get     'x-cache': 'MISS',
25 silly get     'x-cache-hits': '0',
25 silly get     'x-timer': 'S1478714921.871073,VS0,VE107',
25 silly get     vary: 'Accept-Encoding' } ]
26 verbose get saving crkey to /Users/CQ/.npm/registry.npmjs.org/crkey/.cache.json
27 verbose correctMkdir /Users/CQ/.npm correctMkdir not in flight; initializing
28 silly addNameTag next cb for crkey with tag latest
29 silly addNamed crkey@1.2.4
30 verbose addNamed "1.2.4" is a plain semver version for crkey
31 silly mapToRegistry name crkey
32 silly mapToRegistry using default registry
33 silly mapToRegistry registry https://registry.npmjs.org/
34 silly mapToRegistry data Result {
34 silly mapToRegistry   raw: 'crkey',
34 silly mapToRegistry   scope: null,
34 silly mapToRegistry   name: 'crkey',
34 silly mapToRegistry   rawSpec: '',
34 silly mapToRegistry   spec: 'latest',
34 silly mapToRegistry   type: 'tag' }
35 silly mapToRegistry uri https://registry.npmjs.org/crkey
36 verbose addRemoteTarball https://registry.npmjs.org/crkey/-/crkey-1.2.4.tgz not in flight; adding
37 verbose addRemoteTarball [ 'https://registry.npmjs.org/crkey/-/crkey-1.2.4.tgz',
37 verbose addRemoteTarball   '98af0981b94297527f1b94ea614c31c575865cda' ]
38 info retry fetch attempt 1 at 11:08:42 AM
39 info attempt registry request try #1 at 11:08:42 AM
40 http fetch GET https://registry.npmjs.org/crkey/-/crkey-1.2.4.tgz
41 http fetch 200 https://registry.npmjs.org/crkey/-/crkey-1.2.4.tgz
42 silly fetchAndShaCheck shasum 98af0981b94297527f1b94ea614c31c575865cda
43 verbose addTmpTarball /var/folders/jw/36v7154j65g3k91zbh6sh72h0000gn/T/npm-55351-87327ccb/registry.npmjs.org/crkey/-/crkey-1.2.4.tgz not in flight; adding
44 verbose addTmpTarball already have metadata; skipping unpack for crkey@1.2.4
45 verbose correctMkdir /Users/CQ/.npm correctMkdir not in flight; initializing
46 silly cache afterAdd crkey@1.2.4
47 verbose afterAdd /Users/CQ/.npm/crkey/1.2.4/package/package.json not in flight; writing
48 verbose correctMkdir /Users/CQ/.npm correctMkdir not in flight; initializing
49 verbose afterAdd /Users/CQ/.npm/crkey/1.2.4/package/package.json written
50 silly install resolved [ { name: 'crkey',
50 silly install resolved     version: '1.2.4',
50 silly install resolved     description: 'A simple crypto tool for nodeJs.',
50 silly install resolved     main: './lib/crkey.js',
50 silly install resolved     scripts: { test: 'echo "Error: no test specified" && exit 1' },
50 silly install resolved     repository: { type: 'git', url: 'git+https://github.com/kingcc/Crkey.git' },
50 silly install resolved     keywords: [ 'openssl' ],
50 silly install resolved     author: { name: 'Kingcc' },
50 silly install resolved     license: 'MIT',
50 silly install resolved     bugs: { url: 'https://github.com/kingcc/Crkey/issues' },
50 silly install resolved     homepage: 'https://github.com/kingcc/Crkey#readme',
50 silly install resolved     gitHead: 'a7d3699627fc3bce80028cebb4927a6f37adc1b7',
50 silly install resolved     _id: 'crkey@1.2.4',
50 silly install resolved     _shasum: '98af0981b94297527f1b94ea614c31c575865cda',
50 silly install resolved     _from: 'crkey@latest',
50 silly install resolved     _npmVersion: '3.9.5',
50 silly install resolved     _nodeVersion: '4.2.6',
50 silly install resolved     _npmUser: { name: 'kingcc', email: 'laikinfox@gmail.com' },
50 silly install resolved     dist:
50 silly install resolved      { shasum: '98af0981b94297527f1b94ea614c31c575865cda',
50 silly install resolved        tarball: 'https://registry.npmjs.org/crkey/-/crkey-1.2.4.tgz' },
50 silly install resolved     maintainers: [ [Object] ],
50 silly install resolved     _npmOperationalInternal:
50 silly install resolved      { host: 'packages-16-east.internal.npmjs.com',
50 silly install resolved        tmp: 'tmp/crkey-1.2.4.tgz_1473392327131_0.2990799155086279' },
50 silly install resolved     directories: {},
50 silly install resolved     _resolved: 'https://registry.npmjs.org/crkey/-/crkey-1.2.4.tgz' } ]
51 info install crkey@1.2.4 into /usr/local/lib
52 info installOne crkey@1.2.4
53 verbose installOne of crkey to /usr/local/lib not in flight; installing
54 verbose correctMkdir /Users/CQ/.npm/_locks correctMkdir not in flight; initializing
55 verbose lock using /Users/CQ/.npm/_locks/crkey-ac0fde88d3e63b70.lock for /usr/local/lib/node_modules/crkey
56 silly install write writing crkey 1.2.4 to /usr/local/lib/node_modules/crkey
57 verbose unbuild lib/node_modules/crkey
58 silly gentlyRm /usr/local/lib/node_modules/crkey is being purged from base /usr/local
59 verbose gentlyRm don't care about contents; nuking /usr/local/lib/node_modules/crkey
60 verbose tar unpack /Users/CQ/.npm/crkey/1.2.4/package.tgz
61 verbose tar unpacking to /usr/local/lib/node_modules/crkey
62 silly gentlyRm /usr/local/lib/node_modules/crkey is being purged
63 verbose gentlyRm don't care about contents; nuking /usr/local/lib/node_modules/crkey
64 silly gunzTarPerm modes [ '755', '644' ]
65 error tar.unpack untar error /Users/CQ/.npm/crkey/1.2.4/package.tgz
66 verbose unlock done using /Users/CQ/.npm/_locks/crkey-ac0fde88d3e63b70.lock for /usr/local/lib/node_modules/crkey
67 verbose fstream_path /usr/local/lib/node_modules/crkey
68 verbose fstream_type Directory
69 verbose fstream_class DirWriter
70 verbose stack Error: EACCES: permission denied, mkdir '/usr/local/lib/node_modules/crkey'
70 verbose stack     at Error (native)
71 verbose fstream_stack /usr/local/lib/node_modules/npm/node_modules/fstream/lib/dir-writer.js:35:25
71 verbose fstream_stack /usr/local/lib/node_modules/npm/node_modules/mkdirp/index.js:47:53
71 verbose fstream_stack FSReqWrap.oncomplete (fs.js:82:15)
72 verbose cwd /Users/CQ/Documents/Lifted-Ski-co
73 error Darwin 16.1.0
74 error argv "/usr/local/bin/node" "/usr/local/bin/npm" "install" "crkey" "-g"
75 error node v4.6.0
76 error npm  v2.15.9
77 error path /usr/local/lib/node_modules/crkey
78 error code EACCES
79 error errno -13
80 error syscall mkdir
81 error Error: EACCES: permission denied, mkdir '/usr/local/lib/node_modules/crkey'
81 error     at Error (native)
81 error  { [Error: EACCES: permission denied, mkdir '/usr/local/lib/node_modules/crkey']
81 error   errno: -13,
81 error   code: 'EACCES',
81 error   syscall: 'mkdir',
81 error   path: '/usr/local/lib/node_modules/crkey',
81 error   fstream_type: 'Directory',
81 error   fstream_path: '/usr/local/lib/node_modules/crkey',
81 error   fstream_class: 'DirWriter',
81 error   fstream_stack:
81 error    [ '/usr/local/lib/node_modules/npm/node_modules/fstream/lib/dir-writer.js:35:25',
81 error      '/usr/local/lib/node_modules/npm/node_modules/mkdirp/index.js:47:53',
81 error      'FSReqWrap.oncomplete (fs.js:82:15)' ] }
82 error Please try running this command again as root/Administrator.
83 verbose exit [ -13, true ]
84 verbose unbuild lib/node_modules/crkey
85 silly gentlyRm /usr/local/lib/node_modules/crkey is being purged from base /usr/local
86 verbose gentlyRm don't care about contents; nuking /usr/local/lib/node_modules/crkey
